2025-04-20 18:48:15,243 - s3_backup - INFO - Starting S3 backup process...
2025-04-20 18:48:16,723 - s3_backup - INFO - Starting backup for platform: doordash
2025-04-20 18:48:16,725 - s3_backup - INFO - Uploading c:\Users\16096\Documents\KAJAL\Semester2\Data Wrangling\Projects-HW\project-group-19\data\doordash\raw_data\google_play.csv to s3://data-wrangling-group19/doordash/raw_data/google_play.csv
2025-04-20 18:48:19,854 - s3_backup - INFO - Successfully uploaded c:\Users\16096\Documents\KAJAL\Semester2\Data Wrangling\Projects-HW\project-group-19\data\doordash\raw_data\google_play.csv to S3
2025-04-20 18:48:19,855 - s3_backup - INFO - Uploading c:\Users\16096\Documents\KAJAL\Semester2\Data Wrangling\Projects-HW\project-group-19\data\doordash\raw_data\google_play.db to s3://data-wrangling-group19/doordash/raw_data/google_play.db
2025-04-20 18:48:22,148 - s3_backup - INFO - Successfully uploaded c:\Users\16096\Documents\KAJAL\Semester2\Data Wrangling\Projects-HW\project-group-19\data\doordash\raw_data\google_play.db to S3
2025-04-20 18:48:22,148 - s3_backup - INFO - Uploading c:\Users\16096\Documents\KAJAL\Semester2\Data Wrangling\Projects-HW\project-group-19\data\doordash\raw_data\google_play.xlsx to s3://data-wrangling-group19/doordash/raw_data/google_play.xlsx
2025-04-20 18:48:25,394 - s3_backup - INFO - Successfully uploaded c:\Users\16096\Documents\KAJAL\Semester2\Data Wrangling\Projects-HW\project-group-19\data\doordash\raw_data\google_play.xlsx to S3
2025-04-20 18:48:25,395 - s3_backup - INFO - Uploading c:\Users\16096\Documents\KAJAL\Semester2\Data Wrangling\Projects-HW\project-group-19\data\doordash\raw_data\reddit.csv to s3://data-wrangling-group19/doordash/raw_data/reddit.csv
2025-04-20 18:48:28,125 - s3_backup - INFO - Successfully uploaded c:\Users\16096\Documents\KAJAL\Semester2\Data Wrangling\Projects-HW\project-group-19\data\doordash\raw_data\reddit.csv to S3
2025-04-20 18:48:28,126 - s3_backup - INFO - Uploading c:\Users\16096\Documents\KAJAL\Semester2\Data Wrangling\Projects-HW\project-group-19\data\doordash\raw_data\reddit.db to s3://data-wrangling-group19/doordash/raw_data/reddit.db
2025-04-20 18:48:30,361 - s3_backup - INFO - Successfully uploaded c:\Users\16096\Documents\KAJAL\Semester2\Data Wrangling\Projects-HW\project-group-19\data\doordash\raw_data\reddit.db to S3
2025-04-20 18:48:30,361 - s3_backup - INFO - Uploading c:\Users\16096\Documents\KAJAL\Semester2\Data Wrangling\Projects-HW\project-group-19\data\doordash\raw_data\reddit.xlsx to s3://data-wrangling-group19/doordash/raw_data/reddit.xlsx
2025-04-20 18:48:31,787 - s3_backup - INFO - Successfully uploaded c:\Users\16096\Documents\KAJAL\Semester2\Data Wrangling\Projects-HW\project-group-19\data\doordash\raw_data\reddit.xlsx to S3
2025-04-20 18:48:31,787 - s3_backup - INFO - Uploading c:\Users\16096\Documents\KAJAL\Semester2\Data Wrangling\Projects-HW\project-group-19\data\doordash\processed_data\google_play.csv to s3://data-wrangling-group19/doordash/processed_data/google_play.csv
2025-04-20 18:48:34,549 - s3_backup - INFO - Successfully uploaded c:\Users\16096\Documents\KAJAL\Semester2\Data Wrangling\Projects-HW\project-group-19\data\doordash\processed_data\google_play.csv to S3
2025-04-20 18:48:34,550 - s3_backup - INFO - Uploading c:\Users\16096\Documents\KAJAL\Semester2\Data Wrangling\Projects-HW\project-group-19\data\doordash\processed_data\google_play.db to s3://data-wrangling-group19/doordash/processed_data/google_play.db
2025-04-20 18:48:36,610 - s3_backup - INFO - Successfully uploaded c:\Users\16096\Documents\KAJAL\Semester2\Data Wrangling\Projects-HW\project-group-19\data\doordash\processed_data\google_play.db to S3
2025-04-20 18:48:36,611 - s3_backup - INFO - Uploading c:\Users\16096\Documents\KAJAL\Semester2\Data Wrangling\Projects-HW\project-group-19\data\doordash\processed_data\google_play.xlsx to s3://data-wrangling-group19/doordash/processed_data/google_play.xlsx
2025-04-20 18:48:37,556 - s3_backup - INFO - Successfully uploaded c:\Users\16096\Documents\KAJAL\Semester2\Data Wrangling\Projects-HW\project-group-19\data\doordash\processed_data\google_play.xlsx to S3
2025-04-20 18:48:37,557 - s3_backup - INFO - Uploading c:\Users\16096\Documents\KAJAL\Semester2\Data Wrangling\Projects-HW\project-group-19\data\doordash\processed_data\reddit.csv to s3://data-wrangling-group19/doordash/processed_data/reddit.csv
2025-04-20 18:48:39,354 - s3_backup - INFO - Successfully uploaded c:\Users\16096\Documents\KAJAL\Semester2\Data Wrangling\Projects-HW\project-group-19\data\doordash\processed_data\reddit.csv to S3
2025-04-20 18:48:39,355 - s3_backup - INFO - Uploading c:\Users\16096\Documents\KAJAL\Semester2\Data Wrangling\Projects-HW\project-group-19\data\doordash\processed_data\reddit.db to s3://data-wrangling-group19/doordash/processed_data/reddit.db
2025-04-20 18:48:41,272 - s3_backup - INFO - Successfully uploaded c:\Users\16096\Documents\KAJAL\Semester2\Data Wrangling\Projects-HW\project-group-19\data\doordash\processed_data\reddit.db to S3
2025-04-20 18:48:41,273 - s3_backup - INFO - Uploading c:\Users\16096\Documents\KAJAL\Semester2\Data Wrangling\Projects-HW\project-group-19\data\doordash\processed_data\reddit.xlsx to s3://data-wrangling-group19/doordash/processed_data/reddit.xlsx
2025-04-20 18:48:42,098 - s3_backup - INFO - Successfully uploaded c:\Users\16096\Documents\KAJAL\Semester2\Data Wrangling\Projects-HW\project-group-19\data\doordash\processed_data\reddit.xlsx to S3
2025-04-20 18:48:42,099 - s3_backup - INFO - Completed backup for platform doordash - 12 files uploaded
2025-04-20 18:48:42,100 - s3_backup - INFO - Starting backup for platform: grubhub
2025-04-20 18:48:42,102 - s3_backup - INFO - Uploading c:\Users\16096\Documents\KAJAL\Semester2\Data Wrangling\Projects-HW\project-group-19\data\grubhub\raw_data\google_play.csv to s3://data-wrangling-group19/grubhub/raw_data/google_play.csv
2025-04-20 18:48:43,000 - s3_backup - INFO - Successfully uploaded c:\Users\16096\Documents\KAJAL\Semester2\Data Wrangling\Projects-HW\project-group-19\data\grubhub\raw_data\google_play.csv to S3
2025-04-20 18:48:43,001 - s3_backup - INFO - Uploading c:\Users\16096\Documents\KAJAL\Semester2\Data Wrangling\Projects-HW\project-group-19\data\grubhub\raw_data\google_play.db to s3://data-wrangling-group19/grubhub/raw_data/google_play.db
2025-04-20 18:48:43,661 - s3_backup - INFO - Successfully uploaded c:\Users\16096\Documents\KAJAL\Semester2\Data Wrangling\Projects-HW\project-group-19\data\grubhub\raw_data\google_play.db to S3
2025-04-20 18:48:43,662 - s3_backup - INFO - Uploading c:\Users\16096\Documents\KAJAL\Semester2\Data Wrangling\Projects-HW\project-group-19\data\grubhub\raw_data\google_play.xlsx to s3://data-wrangling-group19/grubhub/raw_data/google_play.xlsx
2025-04-20 18:48:43,985 - s3_backup - INFO - Successfully uploaded c:\Users\16096\Documents\KAJAL\Semester2\Data Wrangling\Projects-HW\project-group-19\data\grubhub\raw_data\google_play.xlsx to S3
2025-04-20 18:48:43,986 - s3_backup - INFO - Uploading c:\Users\16096\Documents\KAJAL\Semester2\Data Wrangling\Projects-HW\project-group-19\data\grubhub\raw_data\reddit.csv to s3://data-wrangling-group19/grubhub/raw_data/reddit.csv
2025-04-20 18:48:44,486 - s3_backup - INFO - Successfully uploaded c:\Users\16096\Documents\KAJAL\Semester2\Data Wrangling\Projects-HW\project-group-19\data\grubhub\raw_data\reddit.csv to S3
2025-04-20 18:48:44,487 - s3_backup - INFO - Uploading c:\Users\16096\Documents\KAJAL\Semester2\Data Wrangling\Projects-HW\project-group-19\data\grubhub\raw_data\reddit.db to s3://data-wrangling-group19/grubhub/raw_data/reddit.db
2025-04-20 18:48:45,041 - s3_backup - INFO - Successfully uploaded c:\Users\16096\Documents\KAJAL\Semester2\Data Wrangling\Projects-HW\project-group-19\data\grubhub\raw_data\reddit.db to S3
2025-04-20 18:48:45,041 - s3_backup - INFO - Uploading c:\Users\16096\Documents\KAJAL\Semester2\Data Wrangling\Projects-HW\project-group-19\data\grubhub\raw_data\reddit.xlsx to s3://data-wrangling-group19/grubhub/raw_data/reddit.xlsx
2025-04-20 18:48:45,474 - s3_backup - INFO - Successfully uploaded c:\Users\16096\Documents\KAJAL\Semester2\Data Wrangling\Projects-HW\project-group-19\data\grubhub\raw_data\reddit.xlsx to S3
2025-04-20 18:48:45,476 - s3_backup - INFO - Uploading c:\Users\16096\Documents\KAJAL\Semester2\Data Wrangling\Projects-HW\project-group-19\data\grubhub\processed_data\google_play.csv to s3://data-wrangling-group19/grubhub/processed_data/google_play.csv
2025-04-20 18:48:46,011 - s3_backup - INFO - Successfully uploaded c:\Users\16096\Documents\KAJAL\Semester2\Data Wrangling\Projects-HW\project-group-19\data\grubhub\processed_data\google_play.csv to S3
2025-04-20 18:48:46,012 - s3_backup - INFO - Uploading c:\Users\16096\Documents\KAJAL\Semester2\Data Wrangling\Projects-HW\project-group-19\data\grubhub\processed_data\google_play.db to s3://data-wrangling-group19/grubhub/processed_data/google_play.db
2025-04-20 18:48:46,574 - s3_backup - INFO - Successfully uploaded c:\Users\16096\Documents\KAJAL\Semester2\Data Wrangling\Projects-HW\project-group-19\data\grubhub\processed_data\google_play.db to S3
2025-04-20 18:48:46,575 - s3_backup - INFO - Uploading c:\Users\16096\Documents\KAJAL\Semester2\Data Wrangling\Projects-HW\project-group-19\data\grubhub\processed_data\google_play.xlsx to s3://data-wrangling-group19/grubhub/processed_data/google_play.xlsx
2025-04-20 18:48:46,898 - s3_backup - INFO - Successfully uploaded c:\Users\16096\Documents\KAJAL\Semester2\Data Wrangling\Projects-HW\project-group-19\data\grubhub\processed_data\google_play.xlsx to S3
2025-04-20 18:48:46,898 - s3_backup - INFO - Uploading c:\Users\16096\Documents\KAJAL\Semester2\Data Wrangling\Projects-HW\project-group-19\data\grubhub\processed_data\reddit.csv to s3://data-wrangling-group19/grubhub/processed_data/reddit.csv
2025-04-20 18:48:47,367 - s3_backup - INFO - Successfully uploaded c:\Users\16096\Documents\KAJAL\Semester2\Data Wrangling\Projects-HW\project-group-19\data\grubhub\processed_data\reddit.csv to S3
2025-04-20 18:48:47,368 - s3_backup - INFO - Uploading c:\Users\16096\Documents\KAJAL\Semester2\Data Wrangling\Projects-HW\project-group-19\data\grubhub\processed_data\reddit.db to s3://data-wrangling-group19/grubhub/processed_data/reddit.db
2025-04-20 18:48:47,951 - s3_backup - INFO - Successfully uploaded c:\Users\16096\Documents\KAJAL\Semester2\Data Wrangling\Projects-HW\project-group-19\data\grubhub\processed_data\reddit.db to S3
2025-04-20 18:48:47,952 - s3_backup - INFO - Uploading c:\Users\16096\Documents\KAJAL\Semester2\Data Wrangling\Projects-HW\project-group-19\data\grubhub\processed_data\reddit.xlsx to s3://data-wrangling-group19/grubhub/processed_data/reddit.xlsx
2025-04-20 18:48:48,386 - s3_backup - INFO - Successfully uploaded c:\Users\16096\Documents\KAJAL\Semester2\Data Wrangling\Projects-HW\project-group-19\data\grubhub\processed_data\reddit.xlsx to S3
2025-04-20 18:48:48,386 - s3_backup - INFO - Completed backup for platform grubhub - 12 files uploaded
2025-04-20 18:48:48,387 - s3_backup - INFO - Starting backup for platform: uber_eats
2025-04-20 18:48:48,388 - s3_backup - INFO - Uploading c:\Users\16096\Documents\KAJAL\Semester2\Data Wrangling\Projects-HW\project-group-19\data\uber_eats\raw_data\app_store.csv to s3://data-wrangling-group19/uber_eats/raw_data/app_store.csv
2025-04-20 18:48:48,649 - s3_backup - INFO - Successfully uploaded c:\Users\16096\Documents\KAJAL\Semester2\Data Wrangling\Projects-HW\project-group-19\data\uber_eats\raw_data\app_store.csv to S3
2025-04-20 18:48:48,649 - s3_backup - INFO - Uploading c:\Users\16096\Documents\KAJAL\Semester2\Data Wrangling\Projects-HW\project-group-19\data\uber_eats\raw_data\app_store.db to s3://data-wrangling-group19/uber_eats/raw_data/app_store.db
2025-04-20 18:48:48,791 - s3_backup - INFO - Successfully uploaded c:\Users\16096\Documents\KAJAL\Semester2\Data Wrangling\Projects-HW\project-group-19\data\uber_eats\raw_data\app_store.db to S3
2025-04-20 18:48:48,792 - s3_backup - INFO - Uploading c:\Users\16096\Documents\KAJAL\Semester2\Data Wrangling\Projects-HW\project-group-19\data\uber_eats\raw_data\app_store.xlsx to s3://data-wrangling-group19/uber_eats/raw_data/app_store.xlsx
2025-04-20 18:48:48,894 - s3_backup - INFO - Successfully uploaded c:\Users\16096\Documents\KAJAL\Semester2\Data Wrangling\Projects-HW\project-group-19\data\uber_eats\raw_data\app_store.xlsx to S3
2025-04-20 18:48:48,895 - s3_backup - INFO - Uploading c:\Users\16096\Documents\KAJAL\Semester2\Data Wrangling\Projects-HW\project-group-19\data\uber_eats\raw_data\google_play.csv to s3://data-wrangling-group19/uber_eats/raw_data/google_play.csv
2025-04-20 18:48:52,968 - s3_backup - INFO - Successfully uploaded c:\Users\16096\Documents\KAJAL\Semester2\Data Wrangling\Projects-HW\project-group-19\data\uber_eats\raw_data\google_play.csv to S3
2025-04-20 18:48:52,968 - s3_backup - INFO - Uploading c:\Users\16096\Documents\KAJAL\Semester2\Data Wrangling\Projects-HW\project-group-19\data\uber_eats\raw_data\google_play.db to s3://data-wrangling-group19/uber_eats/raw_data/google_play.db
2025-04-20 18:48:56,714 - s3_backup - INFO - Successfully uploaded c:\Users\16096\Documents\KAJAL\Semester2\Data Wrangling\Projects-HW\project-group-19\data\uber_eats\raw_data\google_play.db to S3
2025-04-20 18:48:56,715 - s3_backup - INFO - Uploading c:\Users\16096\Documents\KAJAL\Semester2\Data Wrangling\Projects-HW\project-group-19\data\uber_eats\raw_data\google_play.xlsx to s3://data-wrangling-group19/uber_eats/raw_data/google_play.xlsx
2025-04-20 18:48:59,157 - s3_backup - INFO - Successfully uploaded c:\Users\16096\Documents\KAJAL\Semester2\Data Wrangling\Projects-HW\project-group-19\data\uber_eats\raw_data\google_play.xlsx to S3
2025-04-20 18:48:59,158 - s3_backup - INFO - Uploading c:\Users\16096\Documents\KAJAL\Semester2\Data Wrangling\Projects-HW\project-group-19\data\uber_eats\raw_data\reddit.csv to s3://data-wrangling-group19/uber_eats/raw_data/reddit.csv
2025-04-20 18:49:01,452 - s3_backup - INFO - Successfully uploaded c:\Users\16096\Documents\KAJAL\Semester2\Data Wrangling\Projects-HW\project-group-19\data\uber_eats\raw_data\reddit.csv to S3
2025-04-20 18:49:01,453 - s3_backup - INFO - Uploading c:\Users\16096\Documents\KAJAL\Semester2\Data Wrangling\Projects-HW\project-group-19\data\uber_eats\raw_data\reddit.db to s3://data-wrangling-group19/uber_eats/raw_data/reddit.db
2025-04-20 18:49:03,918 - s3_backup - INFO - Successfully uploaded c:\Users\16096\Documents\KAJAL\Semester2\Data Wrangling\Projects-HW\project-group-19\data\uber_eats\raw_data\reddit.db to S3
2025-04-20 18:49:03,919 - s3_backup - INFO - Uploading c:\Users\16096\Documents\KAJAL\Semester2\Data Wrangling\Projects-HW\project-group-19\data\uber_eats\raw_data\reddit.xlsx to s3://data-wrangling-group19/uber_eats/raw_data/reddit.xlsx
2025-04-20 18:49:04,683 - s3_backup - INFO - Successfully uploaded c:\Users\16096\Documents\KAJAL\Semester2\Data Wrangling\Projects-HW\project-group-19\data\uber_eats\raw_data\reddit.xlsx to S3
2025-04-20 18:49:04,685 - s3_backup - INFO - Uploading c:\Users\16096\Documents\KAJAL\Semester2\Data Wrangling\Projects-HW\project-group-19\data\uber_eats\processed_data\app_store.csv to s3://data-wrangling-group19/uber_eats/processed_data/app_store.csv
2025-04-20 18:49:04,835 - s3_backup - INFO - Successfully uploaded c:\Users\16096\Documents\KAJAL\Semester2\Data Wrangling\Projects-HW\project-group-19\data\uber_eats\processed_data\app_store.csv to S3
2025-04-20 18:49:04,836 - s3_backup - INFO - Uploading c:\Users\16096\Documents\KAJAL\Semester2\Data Wrangling\Projects-HW\project-group-19\data\uber_eats\processed_data\app_store.db to s3://data-wrangling-group19/uber_eats/processed_data/app_store.db
2025-04-20 18:49:04,982 - s3_backup - INFO - Successfully uploaded c:\Users\16096\Documents\KAJAL\Semester2\Data Wrangling\Projects-HW\project-group-19\data\uber_eats\processed_data\app_store.db to S3
2025-04-20 18:49:04,982 - s3_backup - INFO - Uploading c:\Users\16096\Documents\KAJAL\Semester2\Data Wrangling\Projects-HW\project-group-19\data\uber_eats\processed_data\app_store.xlsx to s3://data-wrangling-group19/uber_eats/processed_data/app_store.xlsx
2025-04-20 18:49:05,089 - s3_backup - INFO - Successfully uploaded c:\Users\16096\Documents\KAJAL\Semester2\Data Wrangling\Projects-HW\project-group-19\data\uber_eats\processed_data\app_store.xlsx to S3
2025-04-20 18:49:05,090 - s3_backup - INFO - Uploading c:\Users\16096\Documents\KAJAL\Semester2\Data Wrangling\Projects-HW\project-group-19\data\uber_eats\processed_data\google_play.csv to s3://data-wrangling-group19/uber_eats/processed_data/google_play.csv
2025-04-20 18:49:07,852 - s3_backup - INFO - Successfully uploaded c:\Users\16096\Documents\KAJAL\Semester2\Data Wrangling\Projects-HW\project-group-19\data\uber_eats\processed_data\google_play.csv to S3
2025-04-20 18:49:07,853 - s3_backup - INFO - Uploading c:\Users\16096\Documents\KAJAL\Semester2\Data Wrangling\Projects-HW\project-group-19\data\uber_eats\processed_data\google_play.db to s3://data-wrangling-group19/uber_eats/processed_data/google_play.db
2025-04-20 18:49:10,439 - s3_backup - INFO - Successfully uploaded c:\Users\16096\Documents\KAJAL\Semester2\Data Wrangling\Projects-HW\project-group-19\data\uber_eats\processed_data\google_play.db to S3
2025-04-20 18:49:10,440 - s3_backup - INFO - Uploading c:\Users\16096\Documents\KAJAL\Semester2\Data Wrangling\Projects-HW\project-group-19\data\uber_eats\processed_data\google_play.xlsx to s3://data-wrangling-group19/uber_eats/processed_data/google_play.xlsx
2025-04-20 18:49:11,797 - s3_backup - INFO - Successfully uploaded c:\Users\16096\Documents\KAJAL\Semester2\Data Wrangling\Projects-HW\project-group-19\data\uber_eats\processed_data\google_play.xlsx to S3
2025-04-20 18:49:11,798 - s3_backup - INFO - Uploading c:\Users\16096\Documents\KAJAL\Semester2\Data Wrangling\Projects-HW\project-group-19\data\uber_eats\processed_data\reddit.csv to s3://data-wrangling-group19/uber_eats/processed_data/reddit.csv
2025-04-20 18:49:12,949 - s3_backup - INFO - Successfully uploaded c:\Users\16096\Documents\KAJAL\Semester2\Data Wrangling\Projects-HW\project-group-19\data\uber_eats\processed_data\reddit.csv to S3
2025-04-20 18:49:12,949 - s3_backup - INFO - Uploading c:\Users\16096\Documents\KAJAL\Semester2\Data Wrangling\Projects-HW\project-group-19\data\uber_eats\processed_data\reddit.db to s3://data-wrangling-group19/uber_eats/processed_data/reddit.db
2025-04-20 18:49:14,272 - s3_backup - INFO - Successfully uploaded c:\Users\16096\Documents\KAJAL\Semester2\Data Wrangling\Projects-HW\project-group-19\data\uber_eats\processed_data\reddit.db to S3
2025-04-20 18:49:14,273 - s3_backup - INFO - Uploading c:\Users\16096\Documents\KAJAL\Semester2\Data Wrangling\Projects-HW\project-group-19\data\uber_eats\processed_data\reddit.xlsx to s3://data-wrangling-group19/uber_eats/processed_data/reddit.xlsx
2025-04-20 18:49:14,827 - s3_backup - INFO - Successfully uploaded c:\Users\16096\Documents\KAJAL\Semester2\Data Wrangling\Projects-HW\project-group-19\data\uber_eats\processed_data\reddit.xlsx to S3
2025-04-20 18:49:14,828 - s3_backup - INFO - Completed backup for platform uber_eats - 18 files uploaded
2025-04-20 18:49:14,828 - s3_backup - INFO - S3 backup process completed. Total files uploaded: 42
